The maximum profit is: 11012136.47.
The optimal x-values (shoes produced) are: 
:          x          x.rc         :=
SH001     0       -23.3233
SH002     0        -7.27898
SH003   463         0
SH004     0       -12.3014
SH005     0        -0.00186413
SH006   427         0
SH007     0        -6.52346
SH008   434         0
SH009   440         0
SH010   395         0
SH011     0       -15.4877
SH012     0       -26.0838
SH013     0       -12.1782
SH014     0       -18.4976
SH015   388         0
SH016     0       -30.3359
SH017   421         0
SH018   513         0
SH019     0       -12.5277
SH020     0        -0.10305
SH021   466         0
SH022   447         0
SH023   415         0
SH024   417         0
SH025     0       -10.0917
SH026   447         0
SH027     0       -15.9616
SH028   427         0
SH029   435         0
SH030     0        -1.19023
SH031     0        -1.94251
SH032     0       -30.3989
SH033   422         0
SH034     0       -29.0054
SH035     0        -5.76297
SH036   478         0
SH037     0        -3.09839
SH038   479         0
SH039     0        -2.61829
SH040     0       -26.7462
SH041     0       -23.7732
SH042   375         0
SH043     0       -18.3054
SH044     0       -28.3654
SH045   419         0
SH046   418         0
SH047   411         0
SH048     0       -17.3817
SH049     0       -11.7716
SH050     0       -22.7459
SH051     0       -15.4531
SH052     0       -12.2102
SH053   439         0
SH054     0        -0.589697
SH055   410         0
SH056   411         0
SH057     0       -11.7254
SH058     0       -12.634
SH059   468         0
SH060   465         0
SH061     0       -41.4815
SH062     0       -16.9516
SH063     0       -11.0787
SH064     0       -24.4058
SH065     0        -9.71129
SH066     0       -14.9125
SH067     0        -4.27015
SH068   425         0
SH069   417         0
SH070     0        -6.37047
SH071     0        -5.97305
SH072   452         0
SH073     0       -19.2344
SH074     0       -12.4233
SH075   423         0
SH076   463         0
SH077   366         0
SH078     0       -22.9907
SH079     0       -14.8667
SH080   409         0
SH081     0        -6.85241
SH082   427         0
SH083     0        -7.25803
SH084   445         0
SH085     0       -20.5483
SH086   435         0
SH087     0       -10.5901
SH088     0       -23.2086
SH089     0       -24.7189
SH090     0       -38.5597
SH091     0        -7.59726
SH092     0        -6.38305
SH093   384         0
SH094   493         0
SH095     0       -10.2381
SH096     0        -2.70746
SH097   437         0
SH098   455         0
SH099   509         0
SH100   394         0
SH101   444         0
SH102   441         0
SH103     0        -7.01213
SH104   433         0
SH105     0        -2.13068
SH106     0        -7.86847
SH107   381         0
SH108   428         0
SH109     0       -21.0113
SH110   417         0
SH111   429         0
SH112     0       -11.0918
SH113   454         0
SH114   410         0
SH115     0       -26.459
SH116   455         0
SH117   463         0
SH118   383         0
SH119   431         0
SH120   473         0
SH121     0        -0.140213
SH122   526         0
SH123   463         0
SH124   492         0
SH125   446         0
SH126     0       -15.2141
SH127     0       -14.2356
SH128     0       -24.5287
SH129     0        -3.02494
SH130     0       -24.3655
SH131     0       -19.7062
SH132     0        -0.394244
SH133   483         0
SH134     0       -23.5013
SH135     0       -15.6469
SH136   445         0
SH137     0       -15.2619
SH138     0        -3.15157
SH139   445         0
SH140   419         0
SH141     0        -4.22074
SH142     0        -8.23486
SH143     0        -0.481621
SH144     0       -41.0081
SH145   442         0
SH146     0       -36.5047
SH147     0        -4.93061
SH148   443         0
SH149     0       -11.133
SH150     0       -43.4343
SH151   481         0
SH152     0        -0.809287
SH153     0       -13.7364
SH154   437         0
SH155     0        -9.5711
SH156     0        -0.763216
SH157     0        -8.82426
SH158   499         0
SH159     0       -10.2106
SH160   407         0
SH161     0       -14.1234
SH162     0       -37.7178
SH163     0       -12.5963
SH164   443         0
SH165     0       -12.9295
SH166     0        -8.89635
SH167     0       -20.6117
SH168     0       -26.1279
SH169   464         0
SH170     0       -27.8523
SH171   470         0
SH172     0       -12.2868
SH173     0       -10.6516
SH174   491         0
SH175   455         0
SH176     0       -21.5713
SH177     0       -18.4294
SH178     0       -28.9357
SH179     0       -26.9605
SH180     0       -15.7752
SH181   435         0
SH182   419         0
SH183   471         0
SH184   461         0
SH185   463         0
SH186     0       -32.888
SH187   421         0
SH188     0       -43.6409
SH189     0        -1.32493
SH190   426         0
SH191   455         0
SH192     0       -21.6561
SH193   411         0
SH194   433         0
SH195     0       -11.4289
SH196   465         0
SH197     0       -30.3394
SH198     0       -25.3676
SH199     0       -10.8695
SH200     0       -10.9521
SH201     0       -10.1018
SH202   438         0
SH203     0       -34.2978
SH204   431         0
SH205     0       -21.102
SH206   411         0
SH207     0        -1.8863
SH208   437         0
SH209     0        -8.81359
SH210     0       -11.5513
SH211     0       -13.07
SH212   367         0
SH213     0       -26.3268
SH214   417         0
SH215   392         0
SH216     0        -4.38203
SH217   434         0
SH218   411         0
SH219   481         0
SH220     0        -2.86583
SH221     0       -12.428
SH222   466         0
SH223     0       -15.6842
SH224   443         0
SH225   447         0
SH226     0        -5.05486
SH227     0       -14.5821
SH228   482         0
SH229     0        -7.24488
SH230     0        -7.92528
SH231   404         0
SH232     0        -6.48569
SH233     0        -1.69605
SH234     0        -9.15935
SH235     0       -18.5155
SH236     0       -32.6022
SH237     0       -18.103
SH238   451         0
SH239     0       -16.3976
SH240     0       -19.5243
SH241   419         0
SH242   449         0
SH243     0        -9.55049
SH244     0       -34.0061
SH245     0        -2.80616
SH246   437         0
SH247     0       -43.7787
SH248   422         0
SH249     0       -42.9644
SH250     0       -12.7508
SH251   534         0
SH252     0       -31.7029
SH253     0        -9.37655
SH254     0       -18.0223
SH255     0       -44.8432
SH256     0       -17.3825
SH257   489         0
SH258     0       -12.649
SH259   461         0
SH260   411         0
SH261     0        -8.10647
SH262     0       -13.9828
SH263     0       -36.3975
SH264   486         0
SH265     0       -20.3152
SH266     0       -10.3023
SH267   431         0
SH268   474         0
SH269   429         0
SH270     0        -0.0209624
SH271     0        -8.41654
SH272     0        -7.78295
SH273   497         0
SH274   427         0
SH275   405         0
SH276   415         0
SH277     0        -4.83977
SH278     0        -4.77063
SH279   372         0
SH280   418         0
SH281   405         0
SH282   415         0
SH283   423         0
SH284     0       -22.073
SH285   485         0
SH286     0       -29.5725
SH287     0        -9.07425
SH288   453         0
SH289     0        -5.84864
SH290   449         0
SH291   453         0
SH292   496         0
SH293     0       -38.4841
SH294     0        -2.10532
SH295     0        -9.36414
SH296     0       -17.1232
SH297     0       -33.2862
SH298     0       -11.1398
SH299   447         0
SH300     0       -22.2446
SH301     0        -2.27144
SH302     0       -16.0863
SH303   407         0
SH304     0       -13.0217
SH305     0       -10.2563
SH306   415         0
SH307   417         0
SH308     0       -19.8882
SH309     0       -28.9391
SH310     0        -5.35861
SH311     0       -13.3414
SH312     0       -21.4819
SH313     0       -21.0911
SH314     0       -24.7351
SH315   443         0
SH316     0        -6.99121
SH317     0        -9.14031
SH318     0       -24.9526
SH319   422         0
SH320     0       -14.7345
SH321   405         0
SH322   475         0
SH323   405         0
SH324     0        -4.76511
SH325     0       -53.242
SH326     0       -21.0368
SH327   447         0
SH328     0        -0.96808
SH329   400         0
SH330   445         0
SH331     0       -28.2694
SH332   493         0
SH333   470         0
SH334     0       -51.2753
SH335     0        -2.1996
SH336     0        -9.88777
SH337     0       -14.4579
SH338     0       -19.2106
SH339   450         0
SH340     0       -13.2813
SH341   429         0
SH342     0       -12.8128
SH343   509         0
SH344   465         0
SH345     0       -35.6344
SH346   372         0
SH347   475         0
SH348     0       -26.4322
SH349     0       -45.0306
SH350   420         0
SH351   403         0
SH352     0       -14.5901
SH353     0       -18.8483
SH354   428         0
SH355   394         0
SH356     0        -4.13765
SH357   368         0
SH358     0        -2.73823
SH359   441         0
SH360   511         0
SH361   255.655    -1.42109e-14
SH362     0        -8.83692
SH363     0       -32.0782
SH364   439         0
SH365     0        -3.09561
SH366     0       -11.8034
SH367   452         0
SH368   430         0
SH369     0       -23.1346
SH370   390         0
SH371     0        -6.09745
SH372     0        -5.15141
SH373     0       -28.5416
SH374   391         0
SH375     0        -2.88119
SH376   486         0
SH377     0       -26.6295
SH378     0       -62.3867
SH379     0        -1.13763
SH380   409         0
SH381     0       -16.3134
SH382     0       -16.1509
SH383   447         0
SH384     0       -20.8358
SH385   477         0
SH386   425         0
SH387   431         0
SH388   411         0
SH389     0       -15.2267
SH390   454         0
SH391     0       -28.5888
SH392     0       -19.9868
SH393   423         0
SH394     0       -38.6936
SH395     0       -18.6385
SH396     0        -5.95924
SH397   424         0
SH398   425         0
SH399     0        -3.75659
SH400   430         0
SH401     0        -8.68906
SH402   421         0
SH403     0        -7.59638
SH404     0        -6.03411
SH405   451         0
SH406     0       -31.7193
SH407     0        -9.92445
SH408   462         0
SH409     0        -8.17952
SH410   457         0
SH411   421         0
SH412     0       -16.5378
SH413   442         0
SH414   462         0
SH415     0       -21.2433
SH416     0        -0.0581299
SH417   482         0
SH418     0        -7.87656
SH419     0       -14.4209
SH420     0        -4.99379
SH421     0        -6.6519
SH422   419         0
SH423     0        -2.74782
SH424   373         0
SH425     0        -3.39899
SH426     0       -18.8192
SH427     0       -25.7254
SH428     0       -19.8016
SH429     0        -7.1423
SH430     0       -21.857
SH431   399         0
SH432     0        -1.64889
SH433   463         0
SH434     0       -11.5146
SH435     0        -3.6573
SH436   433         0
SH437     0       -19.613
SH438   411         0
SH439   455         0
SH440   486         0
SH441   415         0
SH442   445         0
SH443     0       -12.4171
SH444     0        -1.28857
SH445     0       -16.6199
SH446   483         0
SH447     0       -38.0749
SH448     0        -1.01539
SH449   475         0
SH450   430         0
SH451     0       -17.2437
SH452     0       -18.5307
SH453     0       -16.1544
SH454   483         0
SH455     0       -27.9543
SH456     0       -34.3662
SH457     0        -4.92005
SH458     0       -40.2803
SH459   409         0
SH460   457         0
SH461     0       -10.0202
SH462   401         0
SH463   463         0
SH464     0       -13.6886
SH465     0        -5.94767
SH466     0       -31.4964
SH467     0       -17.5819
SH468     0        -0.671411
SH469     0       -19.0411
SH470     0        -3.87695
SH471     0       -19.8686
SH472     0       -10.9038
SH473     0       -33.0589
SH474   476         0
SH475   450         0
SH476     0       -28.0615
SH477     0       -26.7471
SH478     0        -1.31074
SH479   488         0
SH480     0       -21.8417
SH481     0       -21.7391
SH482     0       -26.6185
SH483     0       -24.2409
SH484   469         0
SH485     0       -10.5899
SH486   433         0
SH487   484         0
SH488   415         0
SH489   441         0
SH490     0       -31.6205
SH491     0       -16.1019
SH492     0       -34.706
SH493     0       -30.1968
SH494     0       -10.5607
SH495     0       -13.887
SH496     0        -5.43658
SH497     0       -29.0729
SH498   403         0
SH499     0        -3.21187
SH500     0       -23.5945
SH501     0       -24.4471
SH502   474         0
SH503     0        -5.08791
SH504   453         0
SH505     0        -9.66702
SH506   371         0
SH507   442         0
SH508     0       -13.166
SH509   450         0
SH510   433         0
SH511     0       -30.3555
SH512   475         0
SH513     0       -10.9592
SH514     0       -32.5291
SH515     0        -9.63024
SH516     0       -26.524
SH517   397         0
SH518   401         0
SH519   459         0
SH520   449         0
SH521     0       -12.8645
SH522   415         0
SH523   475         0
SH524   399         0
SH525     0       -11.6166
SH526   436         0
SH527   443         0
SH528   455         0
SH529   439         0
SH530   428         0
SH531     0        -9.91161
SH532     0        -3.4923
SH533     0        -3.99987
SH534     0       -31.6908
SH535     0       -15.0396
SH536     0       -14.0336
SH537     0        -7.49313
SH538     0        -6.17517
SH539     0        -3.81391
SH540     0       -21.483
SH541   338         0
SH542   451         0
SH543   469         0
SH544     0        -9.8159
SH545     0       -17.1653
SH546     0       -26.2369
SH547     0        -0.42567
SH548     0       -10.248
SH549   416         0
SH550   483         0
SH551     0        -7.20543
SH552   425         0
SH553     0       -15.0093
SH554     0        -5.75269
SH555     0        -8.84771
SH556     0       -31.2107
SH557     0       -10.5435
;

Budget is not binding.
Time Constraint is not binding.
Warehouse Capacity is not binding.
Warehouse Capacity is not binding.
Warehouse Capacity is not binding.
Warehouse Capacity is not binding.
Warehouse Capacity is not binding.
Warehouse Capacity is not binding.
Warehouse Capacity is not binding.
Warehouse Capacity is not binding.
Raw Material Quantity Available is not binding.
Raw Material Quantity Available is not binding.
Raw Material Quantity Available is not binding.
Raw Material Quantity Available is not binding.
Raw Material Quantity Available is not binding.
Raw Material Quantity Available is not binding.
Raw Material Quantity Available is not binding.
Raw Material Quantity Available is not binding.
Raw Material Quantity Available is not binding.
Raw Material Quantity Available is not binding.
Raw Material Quantity Available is not binding.
Raw Material Quantity Available is not binding.
Raw Material Quantity Available is not binding.
Raw Material Quantity Available is not binding.
Raw Material Quantity Available is not binding.
Raw Material Quantity Available is not binding.
Raw Material Quantity Available is not binding.
Raw Material Quantity Available is not binding.
Raw Material Quantity Available is not binding.
Raw Material Quantity Available is not binding.
Raw Material Quantity Available is not binding.
Raw Material Quantity Available is not binding.
Raw Material Quantity Available is not binding.
Raw Material Quantity Available is not binding.
Raw Material Quantity Available is not binding.
Raw Material Quantity Available is not binding.
Raw Material Quantity Available is not binding.
Raw Material Quantity Available is not binding.
Raw Material Quantity Available is not binding.
Raw Material Quantity Available is not binding.
Raw Material Quantity Available is not binding.
Raw Material Quantity Available is not binding.
Raw Material Quantity Available is not binding.
Raw Material Quantity Available is not binding.
Raw Material Quantity Available is not binding.
Raw Material Quantity Available is not binding.
Raw Material Quantity Available is not binding.
Raw Material Quantity Available is not binding.
Raw Material Quantity Available is not binding.
Raw Material Quantity Available is not binding.
Raw Material Quantity Available is not binding.
Raw Material Quantity Available is not binding.
Raw Material Quantity Available is not binding.
Raw Material Quantity Available is not binding.
Raw Material Quantity Available is not binding.
Raw Material Quantity Available is not binding.
Raw Material Quantity Available is not binding.
Raw Material Quantity Available is not binding.
Raw Material Quantity Available is not binding.
Raw Material Quantity Available is not binding.
Raw Material Quantity Available is not binding.
Raw Material Quantity Available is not binding.
Raw Material Quantity Available is not binding.
Raw Material Quantity Available is not binding.
Raw Material Quantity Available is not binding.
Raw Material Quantity Available is not binding.
Raw Material Quantity Available is not binding.
Raw Material Quantity Available is not binding.
Raw Material Quantity Available is not binding.
Raw Material Quantity Available is not binding.
Raw Material Quantity Available is not binding.
Raw Material Quantity Available is not binding.
Raw Material Quantity Available is not binding.
Raw Material Quantity Available is not binding.
Raw Material Quantity Available is not binding.
Raw Material Quantity Available is not binding.
Raw Material Quantity Available is not binding.
Raw Material Quantity Available is not binding.
Raw Material Quantity Available is not binding.
Raw Material Quantity Available is not binding.
Raw Material Quantity Available is not binding.
Raw Material Quantity Available is not binding.
Raw Material Quantity Available is not binding.
Raw Material Quantity Available is not binding.
Raw Material Quantity Available is not binding.
Raw Material Quantity Available is not binding.
Raw Material Quantity Available is not binding.
Raw Material Quantity Available is not binding.
Raw Material Quantity Available is not binding.
Raw Material Quantity Available is not binding.
Raw Material Quantity Available is not binding.
Raw Material Quantity Available is not binding.
Raw Material Quantity Available is not binding.
Raw Material Quantity Available is not binding.
Raw Material Quantity Available is not binding.
Raw Material Quantity Available is not binding.
Raw Material Quantity Available is not binding.
Raw Material Quantity Available is not binding.
Raw Material Quantity Available is not binding.
Raw Material Quantity Available is not binding.
Raw Material Quantity Available is not binding.
Raw Material Quantity Available is not binding.
Raw Material Quantity Available is not binding.
Raw Material Quantity Available is not binding.
Raw Material Quantity Available is not binding.
Raw Material Quantity Available is not binding.
Raw Material Quantity Available is not binding.
Raw Material Quantity Available is not binding.
Raw Material Quantity Available is not binding.
Raw Material Quantity Available is not binding.
Raw Material Quantity Available is not binding.
Raw Material Quantity Available is not binding.
Raw Material Quantity Available is not binding.
Raw Material Quantity Available is not binding.
Raw Material Quantity Available is not binding.
Raw Material Quantity Available is not binding.
Raw Material Quantity Available is not binding.
Raw Material Quantity Available is not binding.
Raw Material Quantity Available is not binding.
Raw Material Quantity Available is not binding.
Raw Material Quantity Available is not binding.
Raw Material Quantity Available is not binding.
Raw Material Quantity Available is not binding.
Raw Material Quantity Available is not binding.
Raw Material Quantity Available is not binding.
Raw Material Quantity Available is not binding.
Raw Material Quantity Available is not binding.
Raw Material Quantity Available is not binding.
Raw Material Quantity Available is not binding.
Raw Material Quantity Available is not binding.
Raw Material Quantity Available is not binding.
Raw Material Quantity Available is not binding.
Raw Material Quantity Available is not binding.
Raw Material Quantity Available is not binding.
Raw Material Quantity Available is not binding.
Raw Material Quantity Available is not binding.
Raw Material Quantity Available is not binding.
Raw Material Quantity Available is not binding.
Raw Material Quantity Available is not binding.
Raw Material Quantity Available is not binding.
Raw Material Quantity Available is not binding.
Raw Material Quantity Available is not binding.
Raw Material Quantity Available is not binding.
Raw Material Quantity Available is not binding.
Raw Material Quantity Available is not binding.
Raw Material Quantity Available is not binding.
Raw Material Quantity Available is not binding.
Raw Material Quantity Available is not binding.
Raw Material Quantity Available is not binding.
Raw Material Quantity Available is not binding.
Raw Material Quantity Available is not binding.
Raw Material Quantity Available is not binding.
Raw Material Quantity Available is not binding.
Raw Material Quantity Available is not binding.
Raw Material Quantity Available is not binding.
Raw Material Quantity Available is not binding.
Raw Material Quantity Available is not binding.
Raw Material Quantity Available is not binding.
Raw Material Quantity Available is not binding.
Raw Material Quantity Available is not binding.
Raw Material Quantity Available is not binding.
Raw Material Quantity Available is not binding.
Raw Material Quantity Available is not binding.
Raw Material Quantity Available is not binding.
Raw Material Quantity Available is not binding.
Raw Material Quantity Available is not binding.
Raw Material Quantity Available is not binding.
Raw Material Quantity Available is not binding.
Raw Material Quantity Available is not binding.
Raw Material Quantity Available is not binding.
Raw Material Quantity Available is not binding.
Raw Material Quantity Available is not binding.
Raw Material Quantity Available is not binding.
Raw Material Quantity Available is not binding.
Raw Material Quantity Available is not binding.
Demand is binding.
Demand is binding.
Demand is binding.
Demand is binding.
Demand is binding.
Demand is binding.
Demand is binding.
Demand is binding.
Demand is binding.
Demand is binding.
Demand is binding.
Demand is binding.
Demand is binding.
Demand is binding.
Demand is binding.
Demand is binding.
Demand is binding.
Demand is binding.
Demand is binding.
Demand is binding.
Demand is binding.
Demand is binding.
Demand is binding.
Demand is binding.
Demand is binding.
Demand is binding.
Demand is binding.
Demand is binding.
Demand is binding.
Demand is binding.
Demand is binding.
Demand is binding.
Demand is binding.
Demand is binding.
Demand is binding.
Demand is binding.
Demand is binding.
Demand is binding.
Demand is binding.
Demand is binding.
Demand is binding.
Demand is binding.
Demand is binding.
Demand is binding.
Demand is binding.
Demand is binding.
Demand is binding.
Demand is binding.
Demand is binding.
Demand is binding.
Demand is binding.
Demand is binding.
Demand is binding.
Demand is binding.
Demand is binding.
Demand is binding.
Demand is binding.
Demand is binding.
Demand is binding.
Demand is binding.
Demand is binding.
Demand is binding.
Demand is binding.
Demand is binding.
Demand is binding.
Demand is binding.
Demand is binding.
Demand is binding.
Demand is binding.
Demand is binding.
Demand is binding.
Demand is binding.
Demand is binding.
Demand is binding.
Demand is binding.
Demand is binding.
Demand is binding.
Demand is binding.
Demand is binding.
Demand is binding.
Demand is binding.
Demand is binding.
Demand is binding.
Demand is binding.
Demand is binding.
Demand is binding.
Demand is binding.
Demand is binding.
Demand is binding.
Demand is binding.
Demand is binding.
Demand is binding.
Demand is binding.
Demand is binding.
Demand is binding.
Demand is binding.
Demand is binding.
Demand is binding.
Demand is binding.
Demand is binding.
Demand is binding.
Demand is binding.
Demand is binding.
Demand is binding.
Demand is binding.
Demand is binding.
Demand is binding.
Demand is binding.
Demand is binding.
Demand is binding.
Demand is binding.
Demand is binding.
Demand is binding.
Demand is binding.
Demand is binding.
Demand is binding.
Demand is binding.
Demand is binding.
Demand is binding.
Demand is binding.
Demand is binding.
Demand is binding.
Demand is binding.
Demand is binding.
Demand is binding.
Demand is binding.
Demand is binding.
Demand is binding.
Demand is binding.
Demand is binding.
Demand is binding.
Demand is binding.
Demand is binding.
Demand is binding.
Demand is binding.
Demand is binding.
Demand is binding.
Demand is binding.
Demand is binding.
Demand is binding.
Demand is binding.
Demand is binding.
Demand is binding.
Demand is binding.
Demand is binding.
Demand is binding.
Demand is binding.
Demand is binding.
Demand is binding.
Demand is binding.
Demand is binding.
Demand is binding.
Demand is binding.
Demand is binding.
Demand is binding.
Demand is binding.
Demand is binding.
Demand is binding.
Demand is binding.
Demand is binding.
Demand is binding.
Demand is binding.
Demand is binding.
Demand is binding.
Demand is binding.
Demand is binding.
Demand is binding.
Demand is binding.
Demand is binding.
Demand is binding.
Demand is binding.
Demand is binding.
Demand is binding.
Demand is binding.
Demand is binding.
Demand is binding.
Demand is binding.
Demand is binding.
Demand is binding.
Demand is binding.
Demand is binding.
Demand is binding.
Demand is binding.
Demand is binding.
Demand is binding.
Demand is binding.
Demand is binding.
Demand is binding.
Demand is binding.
Demand is binding.
Demand is binding.
Demand is binding.
Demand is binding.
Demand is binding.
Demand is binding.
Demand is binding.
Demand is binding.
Demand is binding.
Demand is binding.
Demand is binding.
Demand is binding.
Demand is binding.
Demand is binding.
Demand is binding.
Demand is binding.
Demand is binding.
Demand is binding.
Demand is binding.
Demand is binding.
Demand is binding.
Demand is binding.
Demand is binding.
Demand is binding.
Demand is binding.
Demand is binding.
Demand is binding.
Demand is binding.
Demand is binding.
Demand is binding.
Demand is binding.
Demand is binding.
Demand is binding.
Demand is binding.
Demand is binding.
Demand is binding.
Demand is binding.
Demand is binding.
Demand is binding.
Demand is binding.
Demand is binding.
Demand is binding.
Demand is binding.
Demand is binding.
Demand is binding.
Demand is binding.
Demand is binding.
Demand is binding.
Demand is binding.
Demand is binding.
Demand is binding.
Demand is binding.
Demand is binding.
Demand is binding.
Demand is binding.
Demand is binding.
Demand is binding.
Demand is binding.
Demand is binding.
Demand is binding.
Demand is binding.
Demand is binding.
Demand is binding.
Demand is binding.
Demand is binding.
Demand is binding.
Demand is binding.
Demand is binding.
Demand is binding.
Demand is binding.
Demand is binding.
Demand is binding.
Demand is binding.
Demand is binding.
Demand is binding.
Demand is binding.
Demand is binding.
Demand is binding.
Demand is binding.
Demand is binding.
Demand is binding.
Demand is binding.
Demand is binding.
Demand is binding.
Demand is binding.
Demand is binding.
Demand is binding.
Demand is binding.
Demand is binding.
Demand is binding.
Demand is binding.
Demand is binding.
Demand is binding.
Demand is binding.
Demand is binding.
Demand is binding.
Demand is binding.
Demand is binding.
Demand is binding.
Demand is binding.
Demand is binding.
Demand is binding.
Demand is binding.
Demand is binding.
Demand is binding.
Demand is binding.
Demand is binding.
Demand is binding.
Demand is binding.
Demand is binding.
Demand is binding.
Demand is binding.
Demand is binding.
Demand is binding.
Demand is binding.
Demand is binding.
Demand is binding.
Demand is binding.
Demand is binding.
Demand is binding.
Demand is binding.
Demand is binding.
Demand is binding.
Demand is binding.
Demand is binding.
Demand is binding.
Demand is binding.
Demand is binding.
Demand is binding.
Demand is binding.
Demand is binding.
Demand is binding.
Demand is binding.
Demand is binding.
Demand is binding.
Demand is binding.
Demand is binding.
Demand is binding.
Demand is binding.
Demand is binding.
Demand is binding.
Demand is binding.
Demand is binding.
Demand is binding.
Demand is binding.
Demand is binding.
Demand is binding.
Demand is binding.
Demand is binding.
Demand is binding.
Demand is binding.
Demand is binding.
Demand is binding.
Demand is binding.
Demand is binding.
Demand is binding.
Demand is binding.
Demand is binding.
Demand is binding.
Demand is binding.
Demand is binding.
Demand is binding.
Demand is binding.
Demand is binding.
Demand is binding.
Demand is binding.
Demand is binding.
Demand is binding.
Demand is binding.
Demand is binding.
Demand is binding.
Demand is not binding.
Demand is binding.
Demand is binding.
Demand is binding.
Demand is binding.
Demand is binding.
Demand is binding.
Demand is binding.
Demand is binding.
Demand is binding.
Demand is binding.
Demand is binding.
Demand is binding.
Demand is binding.
Demand is binding.
Demand is binding.
Demand is binding.
Demand is binding.
Demand is binding.
Demand is binding.
Demand is binding.
Demand is binding.
Demand is binding.
Demand is binding.
Demand is binding.
Demand is binding.
Demand is binding.
Demand is binding.
Demand is binding.
Demand is binding.
Demand is binding.
Demand is binding.
Demand is binding.
Demand is binding.
Demand is binding.
Demand is binding.
Demand is binding.
Demand is binding.
Demand is binding.
Demand is binding.
Demand is binding.
Demand is binding.
Demand is binding.
Demand is binding.
Demand is binding.
Demand is binding.
Demand is binding.
Demand is binding.
Demand is binding.
Demand is binding.
Demand is binding.
Demand is binding.
Demand is binding.
Demand is binding.
Demand is binding.
Demand is binding.
Demand is binding.
Demand is binding.
Demand is binding.
Demand is binding.
Demand is binding.
Demand is binding.
Demand is binding.
Demand is binding.
Demand is binding.
Demand is binding.
Demand is binding.
Demand is binding.
Demand is binding.
Demand is binding.
Demand is binding.
Demand is binding.
Demand is binding.
Demand is binding.
Demand is binding.
Demand is binding.
Demand is binding.
Demand is binding.
Demand is binding.
Demand is binding.
Demand is binding.
Demand is binding.
Demand is binding.
Demand is binding.
Demand is binding.
Demand is binding.
Demand is binding.
Demand is binding.
Demand is binding.
Demand is binding.
Demand is binding.
Demand is binding.
Demand is binding.
Demand is binding.
Demand is binding.
Demand is binding.
Demand is binding.
Demand is binding.
Demand is binding.
Demand is binding.
Demand is binding.
Demand is binding.
Demand is binding.
Demand is binding.
Demand is binding.
Demand is binding.
Demand is binding.
Demand is binding.
Demand is binding.
Demand is binding.
Demand is binding.
Demand is binding.
Demand is binding.
Demand is binding.
Demand is binding.
Demand is binding.
Demand is binding.
Demand is binding.
Demand is binding.
Demand is binding.
Demand is binding.
Demand is binding.
Demand is binding.
Demand is binding.
Demand is binding.
Demand is binding.
Demand is binding.
Demand is binding.
Demand is binding.
Demand is binding.
Demand is binding.
Demand is binding.
Demand is binding.
Demand is binding.
Demand is binding.
Demand is binding.
Demand is binding.
Demand is binding.
Demand is binding.
Demand is binding.
Demand is binding.
Demand is binding.
Demand is binding.
Demand is binding.
Demand is binding.
Demand is binding.
Demand is binding.
Demand is binding.
Demand is binding.
Demand is binding.
Demand is binding.
Demand is binding.
Demand is binding.
Demand is binding.
Demand is binding.
Demand is binding.
Demand is binding.
Demand is binding.
Demand is binding.
Demand is binding.
Demand is binding.
Demand is binding.
Demand is binding.
Demand is binding.
Demand is binding.
Demand is binding.
Demand is binding.
Demand is binding.
Demand is binding.
Demand is binding.
Demand is binding.
Demand is binding.
Demand is binding.
Demand is binding.
Demand is binding.
Demand is binding.
Demand is binding.
Demand is binding.
Demand is binding.
Demand is binding.
Demand is binding.
Demand is binding.
Demand is binding.
Demand is binding.
Demand is binding.
Demand is binding.
Demand is binding.
Demand is binding.
Demand is binding.
Demand is binding.
Demand is binding.
Demand is binding.
Demand is binding.
Demand is binding.
Demand is binding.
Demand is binding.
Demand is binding.
The shadow prices are: 
Budget_Co.dual = 1.78614

Time_Co.dual = 0

Warehouse_Co.dual [*] :=
1  0
2  0
3  0
4  0
5  0
6  0
7  0
8  0
;

RM_Quantity_Available.dual [*] :=
  1 0    18 0    35 0    52 0    69 0    86 0   103 0   120 0   137 0   154 0
  2 0    19 0    36 0    53 0    70 0    87 0   104 0   121 0   138 0   155 0
  3 0    20 0    37 0    54 0    71 0    88 0   105 0   122 0   139 0   156 0
  4 0    21 0    38 0    55 0    72 0    89 0   106 0   123 0   140 0   157 0
  5 0    22 0    39 0    56 0    73 0    90 0   107 0   124 0   141 0   158 0
  6 0    23 0    40 0    57 0    74 0    91 0   108 0   125 0   142 0   159 0
  7 0    24 0    41 0    58 0    75 0    92 0   109 0   126 0   143 0   160 0
  8 0    25 0    42 0    59 0    76 0    93 0   110 0   127 0   144 0   161 0
  9 0    26 0    43 0    60 0    77 0    94 0   111 0   128 0   145 0   162 0
 10 0    27 0    44 0    61 0    78 0    95 0   112 0   129 0   146 0   163 0
 11 0    28 0    45 0    62 0    79 0    96 0   113 0   130 0   147 0   164 0
 12 0    29 0    46 0    63 0    80 0    97 0   114 0   131 0   148 0   165 0
 13 0    30 0    47 0    64 0    81 0    98 0   115 0   132 0   149 0
 14 0    31 0    48 0    65 0    82 0    99 0   116 0   133 0   150 0
 15 0    32 0    49 0    66 0    83 0   100 0   117 0   134 0   151 0
 16 0    33 0    50 0    67 0    84 0   101 0   118 0   135 0   152 0
 17 0    34 0    51 0    68 0    85 0   102 0   119 0   136 0   153 0
;

Demand_Co.dual [*] :=
SH001  0          SH141  0          SH281  3.09114    SH421  0
SH002  0          SH142  0          SH282  3.92941    SH422 16.0354
SH003  2.33272    SH143  0          SH283  0.484514   SH423  0
SH004  0          SH144  0          SH284  0          SH424  1.98678
SH005  0          SH145  8.13125    SH285 23.1182     SH425  0
SH006 24.4604     SH146  0          SH286  0          SH426  0
SH007  0          SH147  0          SH287  0          SH427  0
SH008  4.8613     SH148  7.36366    SH288 26.0789     SH428  0
SH009  3.12613    SH149  0          SH289  0          SH429  0
SH010  0.830909   SH150  0          SH290  0.214791   SH430  0
SH011  0          SH151 26.8578     SH291 10.0588     SH431 13.6792
SH012  0          SH152  0          SH292 24.0035     SH432  0
SH013  0          SH153  0          SH293  0          SH433 11.6228
SH014  0          SH154  7.28499    SH294  0          SH434  0
SH015 17.3126     SH155  0          SH295  0          SH435  0
SH016  0          SH156  0          SH296  0          SH436  8.41169
SH017 15.069      SH157  0          SH297  0          SH437  0
SH018  2.06586    SH158  5.80197    SH298  0          SH438  1.68147
SH019  0          SH159  0          SH299 20.6912     SH439 13.368
SH020  0          SH160  2.69197    SH300  0          SH440 36.4304
SH021  4.22744    SH161  0          SH301  0          SH441 17.3713
SH022 29.888      SH162  0          SH302  0          SH442  0.324102
SH023 13.6762     SH163  0          SH303  6.4904     SH443  0
SH024  2.01435    SH164 17.2873     SH304  0          SH444  0
SH025  0          SH165  0          SH305  0          SH445  0
SH026  5.106      SH166  0          SH306  0.292279   SH446 24.4855
SH027  0          SH167  0          SH307  9.41726    SH447  0
SH028  6.81477    SH168  0          SH308  0          SH448  0
SH029 25.3883     SH169 27.7544     SH309  0          SH449  9.6189
SH030  0          SH170  0          SH310  0          SH450  6.18944
SH031  0          SH171 11.6999     SH311  0          SH451  0
SH032  0          SH172  0          SH312  0          SH452  0
SH033  5.64524    SH173  0          SH313  0          SH453  0
SH034  0          SH174 40.2073     SH314  0          SH454 25.1792
SH035  0          SH175  3.1425     SH315  4.9073     SH455  0
SH036  7.96492    SH176  0          SH316  0          SH456  0
SH037  0          SH177  0          SH317  0          SH457  0
SH038  2.88059    SH178  0          SH318  0          SH458  0
SH039  0          SH179  0          SH319 22.5016     SH459  8.4925
SH040  0          SH180  0          SH320  0          SH460 21.2417
SH041  0          SH181  0.263601   SH321 22.0941     SH461  0
SH042 12.6141     SH182  8.38964    SH322  7.29746    SH462  1.59525
SH043  0          SH183 12.7089     SH323 29.6929     SH463 24.3486
SH044  0          SH184 17.2737     SH324  0          SH464  0
SH045 12.9669     SH185  5.16273    SH325  0          SH465  0
SH046 28.987      SH186  0          SH326  0          SH466  0
SH047 33.7151     SH187 22.9127     SH327 10.5395     SH467  0
SH048  0          SH188  0          SH328  0          SH468  0
SH049  0          SH189  0          SH329  2.17693    SH469  0
SH050  0          SH190  2.85672    SH330 17.8242     SH470  0
SH051  0          SH191  7.85475    SH331  0          SH471  0
SH052  0          SH192  0          SH332  6.85572    SH472  0
SH053  3.9519     SH193 12.1711     SH333  9.59279    SH473  0
SH054  0          SH194 33.8256     SH334  0          SH474 17.3081
SH055 23.6087     SH195  0          SH335  0          SH475  2.83778
SH056 12.6807     SH196 34.2638     SH336  0          SH476  0
SH057  0          SH197  0          SH337  0          SH477  0
SH058  0          SH198  0          SH338  0          SH478  0
SH059  8.074      SH199  0          SH339 27.9621     SH479 26.2836
SH060  1.13784    SH200  0          SH340  0          SH480  0
SH061  0          SH201  0          SH341  5.31242    SH481  0
SH062  0          SH202  1.83423    SH342  0          SH482  0
SH063  0          SH203  0          SH343  6.31532    SH483  0
SH064  0          SH204  9.60629    SH344 10.2011     SH484  4.30234
SH065  0          SH205  0          SH345  0          SH485  0
SH066  0          SH206 10.1345     SH346 21.5844     SH486 15.6567
SH067  0          SH207  0          SH347 17.1577     SH487 12.7251
SH068 44.1312     SH208 16.0759     SH348  0          SH488 28.6204
SH069 27.4223     SH209  0          SH349  0          SH489  1.21726
SH070  0          SH210  0          SH350  2.92303    SH490  0
SH071  0          SH211  0          SH351 14.1461     SH491  0
SH072 14.6467     SH212  4.89858    SH352  0          SH492  0
SH073  0          SH213  0          SH353  0          SH493  0
SH074  0          SH214 13.2139     SH354 13.6505     SH494  0
SH075 26.0187     SH215 10.619      SH355  6.18319    SH495  0
SH076 18.485      SH216  0          SH356  0          SH496  0
SH077  1.80807    SH217 14.3074     SH357 44.9569     SH497  0
SH078  0          SH218 15.2043     SH358  0          SH498  2.56779
SH079  0          SH219 19.8535     SH359 18.6726     SH499  0
SH080  7.72682    SH220  0          SH360 19.0799     SH500  0
SH081  0          SH221  0          SH361  0          SH501  0
SH082  8.71174    SH222 21.7337     SH362  0          SH502 39.4574
SH083  0          SH223  0          SH363  0          SH503  0
SH084 11.6482     SH224  7.68367    SH364 23.9021     SH504 10.5951
SH085  0          SH225 14.2791     SH365  0          SH505  0
SH086 19.2078     SH226  0          SH366  0          SH506 19.245
SH087  0          SH227  0          SH367 20.0527     SH507  2.70111
SH088  0          SH228  8.60731    SH368 27.5362     SH508  0
SH089  0          SH229  0          SH369  0          SH509  0.119829
SH090  0          SH230  0          SH370 15.3356     SH510 17.1454
SH091  0          SH231 40.7811     SH371  0          SH511  0
SH092  0          SH232  0          SH372  0          SH512 19.8703
SH093  3.48309    SH233  0          SH373  0          SH513  0
SH094  0.814068   SH234  0          SH374 24.1353     SH514  0
SH095  0          SH235  0          SH375  0          SH515  0
SH096  0          SH236  0          SH376  0.571129   SH516  0
SH097 10.3367     SH237  0          SH377  0          SH517 64.9632
SH098  5.26273    SH238 41.4469     SH378  0          SH518  9.96624
SH099  1.23307    SH239  0          SH379  0          SH519  9.82452
SH100 15.6375     SH240  0          SH380  9.58992    SH520 32.22
SH101 16.8855     SH241  8.38877    SH381  0          SH521  0
SH102 19.4348     SH242 16.3579     SH382  0          SH522  4.13562
SH103  0          SH243  0          SH383  3.99603    SH523 19.0314
SH104 19.074      SH244  0          SH384  0          SH524 13.2238
SH105  0          SH245  0          SH385 10.4303     SH525  0
SH106  0          SH246 55.8153     SH386 27.9498     SH526 22.662
SH107  5.51521    SH247  0          SH387 25.513      SH527 30.2049
SH108 15.1097     SH248 35.5346     SH388 19.6291     SH528 33.6292
SH109  0          SH249  0          SH389  0          SH529  0.520627
SH110 14.916      SH250  0          SH390  7.07699    SH530  5.87275
SH111 23.819      SH251  1.46253    SH391  0          SH531  0
SH112  0          SH252  0          SH392  0          SH532  0
SH113  2.9016     SH253  0          SH393 16.5935     SH533  0
SH114 14.4028     SH254  0          SH394  0          SH534  0
SH115  0          SH255  0          SH395  0          SH535  0
SH116 10.4768     SH256  0          SH396  0          SH536  0
SH117  2.64179    SH257  8.89821    SH397  4.76129    SH537  0
SH118  1.1804     SH258  0          SH398  5.76197    SH538  0
SH119 25.4692     SH259 26.9292     SH399  0          SH539  0
SH120  4.12711    SH260 10.1503     SH400 10.2542     SH540  0
SH121  0          SH261  0          SH401  0          SH541 10.5431
SH122  6.68338    SH262  0          SH402 12.9248     SH542 37.6202
SH123 51.6622     SH263  0          SH403  0          SH543  6.91964
SH124 11.696      SH264  1.83044    SH404  0          SH544  0
SH125 25.3541     SH265  0          SH405  2.14026    SH545  0
SH126  0          SH266  0          SH406  0          SH546  0
SH127  0          SH267  4.19768    SH407  0          SH547  0
SH128  0          SH268  0.334312   SH408 12.462      SH548  0
SH129  0          SH269  1.08306    SH409  0          SH549 17.1939
SH130  0          SH270  0          SH410 15.0218     SH550  4.30989
SH131  0          SH271  0          SH411  7.38401    SH551  0
SH132  0          SH272  0          SH412  0          SH552 22.6603
SH133  8.53116    SH273  4.31398    SH413 32.5869     SH553  0
SH134  0          SH274  9.46568    SH414  3.5207     SH554  0
SH135  0          SH275 18.3186     SH415  0          SH555  0
SH136  3.33713    SH276 35.8863     SH416  0          SH556  0
SH137  0          SH277  0          SH417 17.3332     SH557  0
SH138  0          SH278  0          SH418  0
SH139 12.2587     SH279  8.97291    SH419  0
SH140 24.7866     SH280 25.1179     SH420  0
;

